27-Oct-2021 12:36:32.743 INFO [main] org.apache.catalina.startup.VersionLoggerListener.log Server version name:   Apache Tomcat/9.0.54
27-Oct-2021 12:36:32.745 INFO [main] org.apache.catalina.startup.VersionLoggerListener.log Server built:          Sep 28 2021 13:51:49 UTC
27-Oct-2021 12:36:32.745 INFO [main] org.apache.catalina.startup.VersionLoggerListener.log Server version number: 9.0.54.0
27-Oct-2021 12:36:32.745 INFO [main] org.apache.catalina.startup.VersionLoggerListener.log OS Name:               Linux
27-Oct-2021 12:36:32.745 INFO [main] org.apache.catalina.startup.VersionLoggerListener.log OS Version:            5.11.0-37-generic
27-Oct-2021 12:36:32.745 INFO [main] org.apache.catalina.startup.VersionLoggerListener.log Architecture:          amd64
27-Oct-2021 12:36:32.745 INFO [main] org.apache.catalina.startup.VersionLoggerListener.log Java Home:             /usr/lib/jvm/java-11-openjdk-amd64
27-Oct-2021 12:36:32.745 INFO [main] org.apache.catalina.startup.VersionLoggerListener.log JVM Version:           11.0.11+9-Ubuntu-0ubuntu2.20.04
27-Oct-2021 12:36:32.745 INFO [main] org.apache.catalina.startup.VersionLoggerListener.log JVM Vendor:            Ubuntu
27-Oct-2021 12:36:32.745 INFO [main] org.apache.catalina.startup.VersionLoggerListener.log CATALINA_BASE:         /home/dinis-lei/Desktop/IES_98452/lab2/lab2_1/apache-tomcat-9.0.54
27-Oct-2021 12:36:32.746 INFO [main] org.apache.catalina.startup.VersionLoggerListener.log CATALINA_HOME:         /home/dinis-lei/Desktop/IES_98452/lab2/lab2_1/apache-tomcat-9.0.54
27-Oct-2021 12:36:32.754 INFO [main] org.apache.catalina.startup.VersionLoggerListener.log Command line argument: --add-opens=java.base/java.lang=ALL-UNNAMED
27-Oct-2021 12:36:32.754 INFO [main] org.apache.catalina.startup.VersionLoggerListener.log Command line argument: --add-opens=java.base/java.io=ALL-UNNAMED
27-Oct-2021 12:36:32.754 INFO [main] org.apache.catalina.startup.VersionLoggerListener.log Command line argument: --add-opens=java.base/java.util=ALL-UNNAMED
27-Oct-2021 12:36:32.754 INFO [main] org.apache.catalina.startup.VersionLoggerListener.log Command line argument: --add-opens=java.base/java.util.concurrent=ALL-UNNAMED
27-Oct-2021 12:36:32.755 INFO [main] org.apache.catalina.startup.VersionLoggerListener.log Command line argument: --add-opens=java.rmi/sun.rmi.transport=ALL-UNNAMED
27-Oct-2021 12:36:32.755 INFO [main] org.apache.catalina.startup.VersionLoggerListener.log Command line argument: -Djava.util.logging.config.file=/home/dinis-lei/Desktop/IES_98452/lab2/lab2_1/apache-tomcat-9.0.54/conf/logging.properties
27-Oct-2021 12:36:32.755 INFO [main] org.apache.catalina.startup.VersionLoggerListener.log Command line argument: -Djava.util.logging.manager=org.apache.juli.ClassLoaderLogManager
27-Oct-2021 12:36:32.755 INFO [main] org.apache.catalina.startup.VersionLoggerListener.log Command line argument: -Djdk.tls.ephemeralDHKeySize=2048
27-Oct-2021 12:36:32.755 INFO [main] org.apache.catalina.startup.VersionLoggerListener.log Command line argument: -Djava.protocol.handler.pkgs=org.apache.catalina.webresources
27-Oct-2021 12:36:32.755 INFO [main] org.apache.catalina.startup.VersionLoggerListener.log Command line argument: -Dorg.apache.catalina.security.SecurityListener.UMASK=0027
27-Oct-2021 12:36:32.755 INFO [main] org.apache.catalina.startup.VersionLoggerListener.log Command line argument: -Dignore.endorsed.dirs=
27-Oct-2021 12:36:32.755 INFO [main] org.apache.catalina.startup.VersionLoggerListener.log Command line argument: -Dcatalina.base=/home/dinis-lei/Desktop/IES_98452/lab2/lab2_1/apache-tomcat-9.0.54
27-Oct-2021 12:36:32.755 INFO [main] org.apache.catalina.startup.VersionLoggerListener.log Command line argument: -Dcatalina.home=/home/dinis-lei/Desktop/IES_98452/lab2/lab2_1/apache-tomcat-9.0.54
27-Oct-2021 12:36:32.756 INFO [main] org.apache.catalina.startup.VersionLoggerListener.log Command line argument: -Djava.io.tmpdir=/home/dinis-lei/Desktop/IES_98452/lab2/lab2_1/apache-tomcat-9.0.54/temp
27-Oct-2021 12:36:32.757 INFO [main] org.apache.catalina.core.AprLifecycleListener.lifecycleEvent The Apache Tomcat Native library which allows using OpenSSL was not found on the java.library.path: [/usr/java/packages/lib:/usr/lib/x86_64-linux-gnu/jni:/lib/x86_64-linux-gnu:/usr/lib/x86_64-linux-gnu:/usr/lib/jni:/lib:/usr/lib]
27-Oct-2021 12:36:32.950 INFO [main] org.apache.coyote.AbstractProtocol.init Initializing ProtocolHandler ["http-nio-8080"]
27-Oct-2021 12:36:32.964 INFO [main] org.apache.catalina.startup.Catalina.load Server initialization in [350] milliseconds
27-Oct-2021 12:36:32.999 INFO [main] org.apache.catalina.core.StandardService.startInternal Starting service [Catalina]
27-Oct-2021 12:36:32.999 INFO [main] org.apache.catalina.core.StandardEngine.startInternal Starting Servlet engine: [Apache Tomcat/9.0.54]
27-Oct-2021 12:36:33.004 INFO [main] org.apache.catalina.startup.HostConfig.deployDirectory Deploying web application directory [/home/dinis-lei/Desktop/IES_98452/lab2/lab2_1/apache-tomcat-9.0.54/webapps/ROOT]
27-Oct-2021 12:36:33.136 INFO [main] org.apache.catalina.startup.HostConfig.deployDirectory Deployment of web application directory [/home/dinis-lei/Desktop/IES_98452/lab2/lab2_1/apache-tomcat-9.0.54/webapps/ROOT] has finished in [132] ms
27-Oct-2021 12:36:33.136 INFO [main] org.apache.catalina.startup.HostConfig.deployDirectory Deploying web application directory [/home/dinis-lei/Desktop/IES_98452/lab2/lab2_1/apache-tomcat-9.0.54/webapps/host-manager]
27-Oct-2021 12:36:33.156 INFO [main] org.apache.catalina.startup.HostConfig.deployDirectory Deployment of web application directory [/home/dinis-lei/Desktop/IES_98452/lab2/lab2_1/apache-tomcat-9.0.54/webapps/host-manager] has finished in [20] ms
27-Oct-2021 12:36:33.156 INFO [main] org.apache.catalina.startup.HostConfig.deployDirectory Deploying web application directory [/home/dinis-lei/Desktop/IES_98452/lab2/lab2_1/apache-tomcat-9.0.54/webapps/docs]
27-Oct-2021 12:36:33.167 INFO [main] org.apache.catalina.startup.HostConfig.deployDirectory Deployment of web application directory [/home/dinis-lei/Desktop/IES_98452/lab2/lab2_1/apache-tomcat-9.0.54/webapps/docs] has finished in [10] ms
27-Oct-2021 12:36:33.167 INFO [main] org.apache.catalina.startup.HostConfig.deployDirectory Deploying web application directory [/home/dinis-lei/Desktop/IES_98452/lab2/lab2_1/apache-tomcat-9.0.54/webapps/examples]
27-Oct-2021 12:36:33.304 INFO [main] org.apache.catalina.startup.HostConfig.deployDirectory Deployment of web application directory [/home/dinis-lei/Desktop/IES_98452/lab2/lab2_1/apache-tomcat-9.0.54/webapps/examples] has finished in [137] ms
27-Oct-2021 12:36:33.304 INFO [main] org.apache.catalina.startup.HostConfig.deployDirectory Deploying web application directory [/home/dinis-lei/Desktop/IES_98452/lab2/lab2_1/apache-tomcat-9.0.54/webapps/manager]
27-Oct-2021 12:36:33.317 INFO [main] org.apache.catalina.startup.HostConfig.deployDirectory Deployment of web application directory [/home/dinis-lei/Desktop/IES_98452/lab2/lab2_1/apache-tomcat-9.0.54/webapps/manager] has finished in [13] ms
27-Oct-2021 12:36:33.320 INFO [main] org.apache.coyote.AbstractProtocol.start Starting ProtocolHandler ["http-nio-8080"]
27-Oct-2021 12:36:33.326 INFO [main] org.apache.catalina.startup.Catalina.start Server startup in [361] milliseconds
27-Oct-2021 12:37:55.542 INFO [http-nio-8080-exec-7] org.apache.catalina.startup.HostConfig.deployWAR Deploying web application archive [/home/dinis-lei/Desktop/IES_98452/lab2/lab2_1/apache-tomcat-9.0.54/webapps/webapp-1.0-SNAPSHOT.war]
27-Oct-2021 12:37:55.565 INFO [http-nio-8080-exec-7] org.apache.catalina.startup.HostConfig.deployWAR Deployment of web application archive [/home/dinis-lei/Desktop/IES_98452/lab2/lab2_1/apache-tomcat-9.0.54/webapps/webapp-1.0-SNAPSHOT.war] has finished in [23] ms
27-Oct-2021 12:49:57.681 INFO [Async0-Thread] async.Async0$1.run Putting AsyncThread to sleep
27-Oct-2021 12:49:59.681 INFO [Async0-Thread] async.Async0$1.run Dispatching
27-Oct-2021 12:49:59.685 INFO [http-nio-8080-exec-4] async.Async0.service Received dispatch, completing on the worker thread.
27-Oct-2021 12:49:59.685 INFO [http-nio-8080-exec-4] async.Async0.service After complete called started:false
27-Oct-2021 13:46:58.859 INFO [main] org.apache.catalina.core.StandardServer.await A valid shutdown command was received via the shutdown port. Stopping the Server instance.
27-Oct-2021 13:46:58.860 INFO [main] org.apache.coyote.AbstractProtocol.pause Pausing ProtocolHandler ["http-nio-8080"]
27-Oct-2021 13:46:58.867 INFO [main] org.apache.catalina.core.StandardService.stopInternal Stopping service [Catalina]
27-Oct-2021 13:46:58.882 INFO [main] org.apache.coyote.AbstractProtocol.stop Stopping ProtocolHandler ["http-nio-8080"]
27-Oct-2021 13:46:58.914 INFO [main] org.apache.coyote.AbstractProtocol.destroy Destroying ProtocolHandler ["http-nio-8080"]
27-Oct-2021 13:47:01.355 INFO [main] org.apache.catalina.startup.VersionLoggerListener.log Server version name:   Apache Tomcat/9.0.54
27-Oct-2021 13:47:01.357 INFO [main] org.apache.catalina.startup.VersionLoggerListener.log Server built:          Sep 28 2021 13:51:49 UTC
27-Oct-2021 13:47:01.357 INFO [main] org.apache.catalina.startup.VersionLoggerListener.log Server version number: 9.0.54.0
27-Oct-2021 13:47:01.357 INFO [main] org.apache.catalina.startup.VersionLoggerListener.log OS Name:               Linux
27-Oct-2021 13:47:01.358 INFO [main] org.apache.catalina.startup.VersionLoggerListener.log OS Version:            5.11.0-37-generic
27-Oct-2021 13:47:01.358 INFO [main] org.apache.catalina.startup.VersionLoggerListener.log Architecture:          amd64
27-Oct-2021 13:47:01.358 INFO [main] org.apache.catalina.startup.VersionLoggerListener.log Java Home:             /usr/lib/jvm/java-11-openjdk-amd64
27-Oct-2021 13:47:01.358 INFO [main] org.apache.catalina.startup.VersionLoggerListener.log JVM Version:           11.0.11+9-Ubuntu-0ubuntu2.20.04
27-Oct-2021 13:47:01.358 INFO [main] org.apache.catalina.startup.VersionLoggerListener.log JVM Vendor:            Ubuntu
27-Oct-2021 13:47:01.358 INFO [main] org.apache.catalina.startup.VersionLoggerListener.log CATALINA_BASE:         /home/dinis-lei/Desktop/IES_98452/lab2/lab2_1/apache-tomcat-9.0.54
27-Oct-2021 13:47:01.358 INFO [main] org.apache.catalina.startup.VersionLoggerListener.log CATALINA_HOME:         /home/dinis-lei/Desktop/IES_98452/lab2/lab2_1/apache-tomcat-9.0.54
27-Oct-2021 13:47:01.367 INFO [main] org.apache.catalina.startup.VersionLoggerListener.log Command line argument: --add-opens=java.base/java.lang=ALL-UNNAMED
27-Oct-2021 13:47:01.367 INFO [main] org.apache.catalina.startup.VersionLoggerListener.log Command line argument: --add-opens=java.base/java.io=ALL-UNNAMED
27-Oct-2021 13:47:01.368 INFO [main] org.apache.catalina.startup.VersionLoggerListener.log Command line argument: --add-opens=java.base/java.util=ALL-UNNAMED
27-Oct-2021 13:47:01.368 INFO [main] org.apache.catalina.startup.VersionLoggerListener.log Command line argument: --add-opens=java.base/java.util.concurrent=ALL-UNNAMED
27-Oct-2021 13:47:01.368 INFO [main] org.apache.catalina.startup.VersionLoggerListener.log Command line argument: --add-opens=java.rmi/sun.rmi.transport=ALL-UNNAMED
27-Oct-2021 13:47:01.368 INFO [main] org.apache.catalina.startup.VersionLoggerListener.log Command line argument: -Djava.util.logging.config.file=/home/dinis-lei/Desktop/IES_98452/lab2/lab2_1/apache-tomcat-9.0.54/conf/logging.properties
27-Oct-2021 13:47:01.368 INFO [main] org.apache.catalina.startup.VersionLoggerListener.log Command line argument: -Djava.util.logging.manager=org.apache.juli.ClassLoaderLogManager
27-Oct-2021 13:47:01.368 INFO [main] org.apache.catalina.startup.VersionLoggerListener.log Command line argument: -Djdk.tls.ephemeralDHKeySize=2048
27-Oct-2021 13:47:01.368 INFO [main] org.apache.catalina.startup.VersionLoggerListener.log Command line argument: -Djava.protocol.handler.pkgs=org.apache.catalina.webresources
27-Oct-2021 13:47:01.368 INFO [main] org.apache.catalina.startup.VersionLoggerListener.log Command line argument: -Dorg.apache.catalina.security.SecurityListener.UMASK=0027
27-Oct-2021 13:47:01.368 INFO [main] org.apache.catalina.startup.VersionLoggerListener.log Command line argument: -Dignore.endorsed.dirs=
27-Oct-2021 13:47:01.368 INFO [main] org.apache.catalina.startup.VersionLoggerListener.log Command line argument: -Dcatalina.base=/home/dinis-lei/Desktop/IES_98452/lab2/lab2_1/apache-tomcat-9.0.54
27-Oct-2021 13:47:01.368 INFO [main] org.apache.catalina.startup.VersionLoggerListener.log Command line argument: -Dcatalina.home=/home/dinis-lei/Desktop/IES_98452/lab2/lab2_1/apache-tomcat-9.0.54
27-Oct-2021 13:47:01.369 INFO [main] org.apache.catalina.startup.VersionLoggerListener.log Command line argument: -Djava.io.tmpdir=/home/dinis-lei/Desktop/IES_98452/lab2/lab2_1/apache-tomcat-9.0.54/temp
27-Oct-2021 13:47:01.370 INFO [main] org.apache.catalina.core.AprLifecycleListener.lifecycleEvent The Apache Tomcat Native library which allows using OpenSSL was not found on the java.library.path: [/usr/java/packages/lib:/usr/lib/x86_64-linux-gnu/jni:/lib/x86_64-linux-gnu:/usr/lib/x86_64-linux-gnu:/usr/lib/jni:/lib:/usr/lib]
27-Oct-2021 13:47:01.565 INFO [main] org.apache.coyote.AbstractProtocol.init Initializing ProtocolHandler ["http-nio-8080"]
27-Oct-2021 13:47:01.579 INFO [main] org.apache.catalina.startup.Catalina.load Server initialization in [343] milliseconds
27-Oct-2021 13:47:01.613 INFO [main] org.apache.catalina.core.StandardService.startInternal Starting service [Catalina]
27-Oct-2021 13:47:01.613 INFO [main] org.apache.catalina.core.StandardEngine.startInternal Starting Servlet engine: [Apache Tomcat/9.0.54]
27-Oct-2021 13:47:01.622 INFO [main] org.apache.catalina.startup.HostConfig.deployWAR Deploying web application archive [/home/dinis-lei/Desktop/IES_98452/lab2/lab2_1/apache-tomcat-9.0.54/webapps/webapp-1.0-SNAPSHOT.war]
27-Oct-2021 13:47:01.750 INFO [main] org.apache.catalina.startup.HostConfig.deployWAR Deployment of web application archive [/home/dinis-lei/Desktop/IES_98452/lab2/lab2_1/apache-tomcat-9.0.54/webapps/webapp-1.0-SNAPSHOT.war] has finished in [128] ms
27-Oct-2021 13:47:01.750 INFO [main] org.apache.catalina.startup.HostConfig.deployDirectory Deploying web application directory [/home/dinis-lei/Desktop/IES_98452/lab2/lab2_1/apache-tomcat-9.0.54/webapps/ROOT]
27-Oct-2021 13:47:01.762 INFO [main] org.apache.catalina.startup.HostConfig.deployDirectory Deployment of web application directory [/home/dinis-lei/Desktop/IES_98452/lab2/lab2_1/apache-tomcat-9.0.54/webapps/ROOT] has finished in [12] ms
27-Oct-2021 13:47:01.763 INFO [main] org.apache.catalina.startup.HostConfig.deployDirectory Deploying web application directory [/home/dinis-lei/Desktop/IES_98452/lab2/lab2_1/apache-tomcat-9.0.54/webapps/host-manager]
27-Oct-2021 13:47:01.782 INFO [main] org.apache.catalina.startup.HostConfig.deployDirectory Deployment of web application directory [/home/dinis-lei/Desktop/IES_98452/lab2/lab2_1/apache-tomcat-9.0.54/webapps/host-manager] has finished in [19] ms
27-Oct-2021 13:47:01.782 INFO [main] org.apache.catalina.startup.HostConfig.deployDirectory Deploying web application directory [/home/dinis-lei/Desktop/IES_98452/lab2/lab2_1/apache-tomcat-9.0.54/webapps/docs]
27-Oct-2021 13:47:01.792 INFO [main] org.apache.catalina.startup.HostConfig.deployDirectory Deployment of web application directory [/home/dinis-lei/Desktop/IES_98452/lab2/lab2_1/apache-tomcat-9.0.54/webapps/docs] has finished in [10] ms
27-Oct-2021 13:47:01.792 INFO [main] org.apache.catalina.startup.HostConfig.deployDirectory Deploying web application directory [/home/dinis-lei/Desktop/IES_98452/lab2/lab2_1/apache-tomcat-9.0.54/webapps/examples]
27-Oct-2021 13:47:01.922 INFO [main] org.apache.catalina.startup.HostConfig.deployDirectory Deployment of web application directory [/home/dinis-lei/Desktop/IES_98452/lab2/lab2_1/apache-tomcat-9.0.54/webapps/examples] has finished in [130] ms
27-Oct-2021 13:47:01.922 INFO [main] org.apache.catalina.startup.HostConfig.deployDirectory Deploying web application directory [/home/dinis-lei/Desktop/IES_98452/lab2/lab2_1/apache-tomcat-9.0.54/webapps/manager]
27-Oct-2021 13:47:01.936 INFO [main] org.apache.catalina.startup.HostConfig.deployDirectory Deployment of web application directory [/home/dinis-lei/Desktop/IES_98452/lab2/lab2_1/apache-tomcat-9.0.54/webapps/manager] has finished in [14] ms
27-Oct-2021 13:47:01.939 INFO [main] org.apache.coyote.AbstractProtocol.start Starting ProtocolHandler ["http-nio-8080"]
27-Oct-2021 13:47:01.944 INFO [main] org.apache.catalina.startup.Catalina.start Server startup in [365] milliseconds
27-Oct-2021 14:03:51.948 INFO [main] org.apache.catalina.core.StandardServer.await A valid shutdown command was received via the shutdown port. Stopping the Server instance.
27-Oct-2021 14:03:51.948 INFO [main] org.apache.coyote.AbstractProtocol.pause Pausing ProtocolHandler ["http-nio-8080"]
27-Oct-2021 14:03:51.955 INFO [main] org.apache.catalina.core.StandardService.stopInternal Stopping service [Catalina]
27-Oct-2021 14:03:51.977 INFO [main] org.apache.coyote.AbstractProtocol.stop Stopping ProtocolHandler ["http-nio-8080"]
27-Oct-2021 14:03:52.003 INFO [main] org.apache.coyote.AbstractProtocol.destroy Destroying ProtocolHandler ["http-nio-8080"]
